app/build/intermediates/manifest_merge_blame_file/debug/processDebugMainManifest/manifest-merger-blame-debug-report.txt
1<?xml version="1.0" encoding="utf-8"?>
2<manifest xmlns:android="http://schemas.android.com/apk/res/android"
3    package="com.cargoexpress.app"
4    android:versionCode="1"
5    android:versionName="1.0" >
6
7    <uses-sdk
8        android:minSdkVersion="24"
9        android:targetSdkVersion="34" />
10
11    <uses-permission android:name="android.permission.INTERNET" />
11-->src\main\AndroidManifest.xml:5:5-66
11-->src\main\AndroidManifest.xml:5:22-64
12    <uses-permission android:name="android.permission.REORDER_TASKS" />
12-->[androidx.test:core:1.6.1] AndroidManifest.xml:24:5-72
12-->[androidx.test:core:1.6.1] AndroidManifest.xml:24:22-69
13
14    <permission
14-->[androidx.core:core:1.13.1] AndroidManifest.xml:22:5-24:47
15        android:name="com.cargoexpress.app.DYNAMIC_RECEIVER_NOT_EXPORTED_PERMISSION"
15-->[androidx.core:core:1.13.1] AndroidManifest.xml:23:9-81
16        android:protectionLevel="signature" />
16-->[androidx.core:core:1.13.1] AndroidManifest.xml:24:9-44
17
18    <uses-permission android:name="com.cargoexpress.app.DYNAMIC_RECEIVER_NOT_EXPORTED_PERMISSION" />
18-->[androidx.core:core:1.13.1] AndroidManifest.xml:26:5-97
18-->[androidx.core:core:1.13.1] AndroidManifest.xml:26:22-94
19
20    <queries>
20-->[androidx.test:runner:1.6.1] AndroidManifest.xml:24:5-28:15
21        <package android:name="androidx.test.orchestrator" />
21-->[androidx.test:runner:1.6.1] AndroidManifest.xml:25:9-62
21-->[androidx.test:runner:1.6.1] AndroidManifest.xml:25:18-59
22        <package android:name="androidx.test.services" />
22-->[androidx.test:runner:1.6.1] AndroidManifest.xml:26:9-58
22-->[androidx.test:runner:1.6.1] AndroidManifest.xml:26:18-55
23        <package android:name="com.google.android.apps.common.testing.services" />
23-->[androidx.test:runner:1.6.1] AndroidManifest.xml:27:9-83
23-->[androidx.test:runner:1.6.1] AndroidManifest.xml:27:18-80
24    </queries>
25
26    <application
26-->src\main\AndroidManifest.xml:7:5-28:19
27        android:allowBackup="true"
27-->src\main\AndroidManifest.xml:8:9-35
28        android:appComponentFactory="androidx.core.app.CoreComponentFactory"
28-->[androidx.core:core:1.13.1] AndroidManifest.xml:28:18-86
29        android:dataExtractionRules="@xml/data_extraction_rules"
29-->src\main\AndroidManifest.xml:9:9-65
30        android:debuggable="true"
31        android:extractNativeLibs="false"
32        android:fullBackupContent="@xml/backup_rules"
32-->src\main\AndroidManifest.xml:10:9-54
33        android:icon="@mipmap/ic_launcher"
33-->src\main\AndroidManifest.xml:11:9-43
34        android:label="@string/app_name"
34-->src\main\AndroidManifest.xml:12:9-41
35        android:roundIcon="@mipmap/ic_launcher_round"
35-->src\main\AndroidManifest.xml:13:9-54
36        android:supportsRtl="true"
36-->src\main\AndroidManifest.xml:14:9-35
37        android:testOnly="true"
38        android:theme="@style/Theme.Cargoexpress" >
38-->src\main\AndroidManifest.xml:15:9-50
39        <activity
39-->src\main\AndroidManifest.xml:17:9-27:20
40            android:name="com.cargoexpress.app.core.MainActivity"
40-->src\main\AndroidManifest.xml:18:13-46
41            android:exported="true"
41-->src\main\AndroidManifest.xml:19:13-36
42            android:label="@string/app_name"
42-->src\main\AndroidManifest.xml:20:13-45
43            android:theme="@style/Theme.Cargoexpress" >
43-->src\main\AndroidManifest.xml:21:13-54
44            <intent-filter>
44-->src\main\AndroidManifest.xml:22:13-26:29
45                <action android:name="android.intent.action.MAIN" />
45-->src\main\AndroidManifest.xml:23:17-69
45-->src\main\AndroidManifest.xml:23:25-66
46
47                <category android:name="android.intent.category.LAUNCHER" />
47-->src\main\AndroidManifest.xml:25:17-77
47-->src\main\AndroidManifest.xml:25:27-74
48            </intent-filter>
49        </activity>
50
51        <service
51-->[androidx.room:room-runtime:2.6.1] AndroidManifest.xml:24:9-28:63
52            android:name="androidx.room.MultiInstanceInvalidationService"
52-->[androidx.room:room-runtime:2.6.1] AndroidManifest.xml:25:13-74
53            android:directBootAware="true"
53-->[androidx.room:room-runtime:2.6.1] AndroidManifest.xml:26:13-43
54            android:exported="false" />
54-->[androidx.room:room-runtime:2.6.1] AndroidManifest.xml:27:13-37
55
56        <activity
56-->[androidx.compose.ui:ui-tooling-android:1.7.0] AndroidManifest.xml:23:9-25:39
57            android:name="androidx.compose.ui.tooling.PreviewActivity"
57-->[androidx.compose.ui:ui-tooling-android:1.7.0] AndroidManifest.xml:24:13-71
58            android:exported="true" />
58-->[androidx.compose.ui:ui-tooling-android:1.7.0] AndroidManifest.xml:25:13-36
59        <activity
59-->[androidx.test:core:1.6.1] AndroidManifest.xml:27:9-34:20
60            android:name="androidx.test.core.app.InstrumentationActivityInvoker$BootstrapActivity"
60-->[androidx.test:core:1.6.1] AndroidManifest.xml:28:13-99
61            android:exported="true"
61-->[androidx.test:core:1.6.1] AndroidManifest.xml:29:13-36
62            android:theme="@style/WhiteBackgroundTheme" >
62-->[androidx.test:core:1.6.1] AndroidManifest.xml:30:13-56
63            <intent-filter android:priority="-100" >
63-->[androidx.test:core:1.6.1] AndroidManifest.xml:31:13-33:29
63-->[androidx.test:core:1.6.1] AndroidManifest.xml:31:28-51
64                <category android:name="android.intent.category.LAUNCHER" />
64-->src\main\AndroidManifest.xml:25:17-77
64-->src\main\AndroidManifest.xml:25:27-74
65            </intent-filter>
66        </activity>
67        <activity
67-->[androidx.test:core:1.6.1] AndroidManifest.xml:35:9-42:20
68            android:name="androidx.test.core.app.InstrumentationActivityInvoker$EmptyActivity"
68-->[androidx.test:core:1.6.1] AndroidManifest.xml:36:13-95
69            android:exported="true"
69-->[androidx.test:core:1.6.1] AndroidManifest.xml:37:13-36
70            android:theme="@style/WhiteBackgroundTheme" >
70-->[androidx.test:core:1.6.1] AndroidManifest.xml:38:13-56
71            <intent-filter android:priority="-100" >
71-->[androidx.test:core:1.6.1] AndroidManifest.xml:31:13-33:29
71-->[androidx.test:core:1.6.1] AndroidManifest.xml:31:28-51
72                <category android:name="android.intent.category.LAUNCHER" />
72-->src\main\AndroidManifest.xml:25:17-77
72-->src\main\AndroidManifest.xml:25:27-74
73            </intent-filter>
74        </activity>
75        <activity
75-->[androidx.test:core:1.6.1] AndroidManifest.xml:43:9-50:20
76            android:name="androidx.test.core.app.InstrumentationActivityInvoker$EmptyFloatingActivity"
76-->[androidx.test:core:1.6.1] AndroidManifest.xml:44:13-103
77            android:exported="true"
77-->[androidx.test:core:1.6.1] AndroidManifest.xml:45:13-36
78            android:theme="@style/WhiteBackgroundDialogTheme" >
78-->[androidx.test:core:1.6.1] AndroidManifest.xml:46:13-62
79            <intent-filter android:priority="-100" >
79-->[androidx.test:core:1.6.1] AndroidManifest.xml:31:13-33:29
79-->[androidx.test:core:1.6.1] AndroidManifest.xml:31:28-51
80                <category android:name="android.intent.category.LAUNCHER" />
80-->src\main\AndroidManifest.xml:25:17-77
80-->src\main\AndroidManifest.xml:25:27-74
81            </intent-filter>
82        </activity>
83
84        <provider
84-->[androidx.emoji2:emoji2:1.3.0] AndroidManifest.xml:24:9-32:20
85            android:name="androidx.startup.InitializationProvider"
85-->[androidx.emoji2:emoji2:1.3.0] AndroidManifest.xml:25:13-67
86            android:authorities="com.cargoexpress.app.androidx-startup"
86-->[androidx.emoji2:emoji2:1.3.0] AndroidManifest.xml:26:13-68
87            android:exported="false" >
87-->[androidx.emoji2:emoji2:1.3.0] AndroidManifest.xml:27:13-37
88            <meta-data
88-->[androidx.emoji2:emoji2:1.3.0] AndroidManifest.xml:29:13-31:52
89                android:name="androidx.emoji2.text.EmojiCompatInitializer"
89-->[androidx.emoji2:emoji2:1.3.0] AndroidManifest.xml:30:17-75
90                android:value="androidx.startup" />
90-->[androidx.emoji2:emoji2:1.3.0] AndroidManifest.xml:31:17-49
91            <meta-data
91-->[androidx.lifecycle:lifecycle-process:2.8.6] AndroidManifest.xml:29:13-31:52
92                android:name="androidx.lifecycle.ProcessLifecycleInitializer"
92-->[androidx.lifecycle:lifecycle-process:2.8.6] AndroidManifest.xml:30:17-78
93                android:value="androidx.startup" />
93-->[androidx.lifecycle:lifecycle-process:2.8.6] AndroidManifest.xml:31:17-49
94            <meta-data
94-->[androidx.profileinstaller:profileinstaller:1.3.1] AndroidManifest.xml:29:13-31:52
95                android:name="androidx.profileinstaller.ProfileInstallerInitializer"
95-->[androidx.profileinstaller:profileinstaller:1.3.1] AndroidManifest.xml:30:17-85
96                android:value="androidx.startup" />
96-->[androidx.profileinstaller:profileinstaller:1.3.1] AndroidManifest.xml:31:17-49
97        </provider>
98
99        <activity
99-->[androidx.compose.ui:ui-test-manifest:1.7.0] AndroidManifest.xml:23:9-25:39
100            android:name="androidx.activity.ComponentActivity"
100-->[androidx.compose.ui:ui-test-manifest:1.7.0] AndroidManifest.xml:24:13-63
101            android:exported="true" />
101-->[androidx.compose.ui:ui-test-manifest:1.7.0] AndroidManifest.xml:25:13-36
102
103        <receiver
103-->[androidx.profileinstaller:profileinstaller:1.3.1] AndroidManifest.xml:34:9-52:20
104            android:name="androidx.profileinstaller.ProfileInstallReceiver"
104-->[androidx.profileinstaller:profileinstaller:1.3.1] AndroidManifest.xml:35:13-76
105            android:directBootAware="false"
105-->[androidx.profileinstaller:profileinstaller:1.3.1] AndroidManifest.xml:36:13-44
106            android:enabled="true"
106-->[androidx.profileinstaller:profileinstaller:1.3.1] AndroidManifest.xml:37:13-35
107            android:exported="true"
107-->[androidx.profileinstaller:profileinstaller:1.3.1] AndroidManifest.xml:38:13-36
108            android:permission="android.permission.DUMP" >
108-->[androidx.profileinstaller:profileinstaller:1.3.1] AndroidManifest.xml:39:13-57
109            <intent-filter>
109-->[androidx.profileinstaller:profileinstaller:1.3.1] AndroidManifest.xml:40:13-42:29
110                <action android:name="androidx.profileinstaller.action.INSTALL_PROFILE" />
110-->[androidx.profileinstaller:profileinstaller:1.3.1] AndroidManifest.xml:41:17-91
110-->[androidx.profileinstaller:profileinstaller:1.3.1] AndroidManifest.xml:41:25-88
111            </intent-filter>
112            <intent-filter>
112-->[androidx.profileinstaller:profileinstaller:1.3.1] AndroidManifest.xml:43:13-45:29
113                <action android:name="androidx.profileinstaller.action.SKIP_FILE" />
113-->[androidx.profileinstaller:profileinstaller:1.3.1] AndroidManifest.xml:44:17-85
113-->[androidx.profileinstaller:profileinstaller:1.3.1] AndroidManifest.xml:44:25-82
114            </intent-filter>
115            <intent-filter>
115-->[androidx.profileinstaller:profileinstaller:1.3.1] AndroidManifest.xml:46:13-48:29
116                <action android:name="androidx.profileinstaller.action.SAVE_PROFILE" />
116-->[androidx.profileinstaller:profileinstaller:1.3.1] AndroidManifest.xml:47:17-88
116-->[androidx.profileinstaller:profileinstaller:1.3.1] AndroidManifest.xml:47:25-85
117            </intent-filter>
118            <intent-filter>
118-->[androidx.profileinstaller:profileinstaller:1.3.1] AndroidManifest.xml:49:13-51:29
119                <action android:name="androidx.profileinstaller.action.BENCHMARK_OPERATION" />
119-->[androidx.profileinstaller:profileinstaller:1.3.1] AndroidManifest.xml:50:17-95
119-->[androidx.profileinstaller:profileinstaller:1.3.1] AndroidManifest.xml:50:25-92
120            </intent-filter>
121        </receiver>
122    </application>
123
124</manifest>